2026-02-02 20:01:46,243 - __main__ - INFO - === Iniciando Pipeline de Treinamento ===
2026-02-02 20:01:46,243 - __main__ - INFO - Carregando dados de: C:\Users\T-GAMER\Desktop\Python\Fase 5\data\BASE DE DADOS PEDE 2024 - DATATHON.xlsx
2026-02-02 20:01:47,255 - __main__ - INFO - Realizando divisão Treino/Teste (Holdout)...
2026-02-02 20:01:47,255 - __main__ - INFO - Qtd Alunos Treino: 1268
2026-02-02 20:01:47,255 - __main__ - INFO - Qtd Alunos Teste: 318
2026-02-02 20:01:47,255 - __main__ - INFO - Iniciando Validação Cruzada...
2026-02-02 20:01:47,572 - src.feature_engineering - INFO - Iniciando fit do FeatureEngineer...
2026-02-02 20:01:47,577 - __main__ - CRITICAL - Falha crítica no pipeline: could not convert string to float: 'Menina'
Traceback (most recent call last):
  File "C:\Users\T-GAMER\Desktop\Python\Fase 5\src\train.py", line 68, in train_pipeline
    fe_cv.fit(cv_train)
  File "C:\Users\T-GAMER\Desktop\Python\Fase 5\src\feature_engineering.py", line 31, in fit
    self.scaler.fit(df_temp[self.cols_treino])
  File "C:\Users\T-GAMER\Desktop\Python\Fase 5\venv\Lib\site-packages\sklearn\preprocessing\_data.py", line 876, in fit
    return self.partial_fit(X, y, sample_weight)
           ^^^^^^^^^^^^^^^^^^^^^^^^^^^^^^^^^^^^^
  File "C:\Users\T-GAMER\Desktop\Python\Fase 5\venv\Lib\site-packages\sklearn\base.py", line 1473, in wrapper
    return fit_method(estimator, *args, **kwargs)
           ^^^^^^^^^^^^^^^^^^^^^^^^^^^^^^^^^^^^^^
  File "C:\Users\T-GAMER\Desktop\Python\Fase 5\venv\Lib\site-packages\sklearn\preprocessing\_data.py", line 912, in partial_fit
    X = self._validate_data(
        ^^^^^^^^^^^^^^^^^^^^
  File "C:\Users\T-GAMER\Desktop\Python\Fase 5\venv\Lib\site-packages\sklearn\base.py", line 633, in _validate_data
    out = check_array(X, input_name="X", **check_params)
          ^^^^^^^^^^^^^^^^^^^^^^^^^^^^^^^^^^^^^^^^^^^^^^
  File "C:\Users\T-GAMER\Desktop\Python\Fase 5\venv\Lib\site-packages\sklearn\utils\validation.py", line 1007, in check_array
    array = _asarray_with_order(array, order=order, dtype=dtype, xp=xp)
            ^^^^^^^^^^^^^^^^^^^^^^^^^^^^^^^^^^^^^^^^^^^^^^^^^^^^^^^^^^^
  File "C:\Users\T-GAMER\Desktop\Python\Fase 5\venv\Lib\site-packages\sklearn\utils\_array_api.py", line 746, in _asarray_with_order
    array = numpy.asarray(array, order=order, dtype=dtype)
            ^^^^^^^^^^^^^^^^^^^^^^^^^^^^^^^^^^^^^^^^^^^^^^
  File "C:\Users\T-GAMER\Desktop\Python\Fase 5\venv\Lib\site-packages\pandas\core\generic.py", line 2153, in __array__
    arr = np.asarray(values, dtype=dtype)
          ^^^^^^^^^^^^^^^^^^^^^^^^^^^^^^^
ValueError: could not convert string to float: 'Menina'
